2021-06-01T02:45:29+00:00 DEBUG Product # 250 is missing weight. Aborting Rate Calculation.


2021-06-01T04:08:11+00:00 DEBUG Product # 250 is missing weight. Aborting Rate Calculation.


2021-06-01T04:08:13+00:00 DEBUG UPS Saver is removed from Shipping Rates. Total 1 Package Set(s) were requested for Rates. Rates returned only for 2 Package Set(s). One Package Set contains maximum of 50 Packages.


2021-06-01T04:08:13+00:00 DEBUG UPS Worldwide Express Plus™ is removed from Shipping Rates. Total 1 Package Set(s) were requested for Rates. Rates returned only for 2 Package Set(s). One Package Set contains maximum of 50 Packages.


2021-06-01T04:08:13+00:00 DEBUG UPS Worldwide Express™ is removed from Shipping Rates. Total 1 Package Set(s) were requested for Rates. Rates returned only for 2 Package Set(s). One Package Set contains maximum of 50 Packages.


2021-06-01T04:08:13+00:00 DEBUG UPS Worldwide Expedited is removed from Shipping Rates. Total 1 Package Set(s) were requested for Rates. Rates returned only for 2 Package Set(s). One Package Set contains maximum of 50 Packages.


2021-06-01T04:08:13+00:00 DEBUG UPS Worldwide Express Freight is removed from Shipping Rates. Total 1 Package Set(s) were requested for Rates. Rates returned only for 2 Package Set(s). One Package Set contains maximum of 50 Packages.


2021-06-01T04:08:13+00:00 DEBUG Product # 250 is missing weight. Aborting Rate Calculation.


2021-06-01T04:08:14+00:00 DEBUG UPS Saver is removed from Shipping Rates. Total 1 Package Set(s) were requested for Rates. Rates returned only for 2 Package Set(s). One Package Set contains maximum of 50 Packages.


2021-06-01T04:08:14+00:00 DEBUG UPS Worldwide Express Plus™ is removed from Shipping Rates. Total 1 Package Set(s) were requested for Rates. Rates returned only for 2 Package Set(s). One Package Set contains maximum of 50 Packages.


2021-06-01T04:08:14+00:00 DEBUG UPS Worldwide Express™ is removed from Shipping Rates. Total 1 Package Set(s) were requested for Rates. Rates returned only for 2 Package Set(s). One Package Set contains maximum of 50 Packages.


2021-06-01T04:08:14+00:00 DEBUG UPS Worldwide Expedited is removed from Shipping Rates. Total 1 Package Set(s) were requested for Rates. Rates returned only for 2 Package Set(s). One Package Set contains maximum of 50 Packages.


2021-06-01T04:08:14+00:00 DEBUG UPS Worldwide Express Freight is removed from Shipping Rates. Total 1 Package Set(s) were requested for Rates. Rates returned only for 2 Package Set(s). One Package Set contains maximum of 50 Packages.


2021-06-01T04:23:10+00:00 DEBUG Product # 250 is missing weight. Aborting Rate Calculation.


2021-06-01T04:23:11+00:00 DEBUG Product # 250 is missing weight. Aborting Rate Calculation.


2021-06-01T04:23:11+00:00 DEBUG Product # 250 is missing weight. Aborting Rate Calculation.


2021-06-01T04:23:11+00:00 DEBUG Product # 250 is missing weight. Aborting Rate Calculation.


2021-06-01T10:11:44+00:00 DEBUG Product # 250 is missing weight. Aborting Rate Calculation.


2021-06-01T10:21:39+00:00 DEBUG Product # 250 is missing weight. Aborting Rate Calculation.


2021-06-01T10:21:39+00:00 DEBUG Product # 250 is missing weight. Aborting Rate Calculation.


