2021-06-09T02:40:57+00:00 DEBUG Product # 250 is missing weight. Aborting Rate Calculation.


2021-06-09T03:04:55+00:00 DEBUG Product # 250 is missing weight. Aborting Rate Calculation.


2021-06-09T03:20:15+00:00 DEBUG UPS SurePost Rate Request Aborted. SurePost allows only single-piece shipments. Request contains 2 Packages.


2021-06-09T03:20:20+00:00 DEBUG UPS SurePost Rate Request Aborted. SurePost allows only single-piece shipments. Request contains 3 Packages.


2021-06-09T03:20:20+00:00 DEBUG UPS Saver is removed from Shipping Rates. Total 1 Package Set(s) were requested for Rates. Rates returned only for 2 Package Set(s). One Package Set contains maximum of 50 Packages.


2021-06-09T03:20:20+00:00 DEBUG UPS Worldwide Express Plus™ is removed from Shipping Rates. Total 1 Package Set(s) were requested for Rates. Rates returned only for 2 Package Set(s). One Package Set contains maximum of 50 Packages.


2021-06-09T03:20:20+00:00 DEBUG UPS Worldwide Express™ is removed from Shipping Rates. Total 1 Package Set(s) were requested for Rates. Rates returned only for 2 Package Set(s). One Package Set contains maximum of 50 Packages.


2021-06-09T03:20:20+00:00 DEBUG UPS Worldwide Expedited is removed from Shipping Rates. Total 1 Package Set(s) were requested for Rates. Rates returned only for 2 Package Set(s). One Package Set contains maximum of 50 Packages.


2021-06-09T03:20:20+00:00 DEBUG UPS Worldwide Express Freight is removed from Shipping Rates. Total 1 Package Set(s) were requested for Rates. Rates returned only for 2 Package Set(s). One Package Set contains maximum of 50 Packages.


2021-06-09T03:22:13+00:00 DEBUG UPS SurePost Rate Request Aborted. SurePost allows only single-piece shipments. Request contains 2 Packages.


2021-06-09T03:22:14+00:00 DEBUG UPS SurePost Rate Request Aborted. SurePost allows only single-piece shipments. Request contains 3 Packages.


2021-06-09T03:22:14+00:00 DEBUG UPS Saver is removed from Shipping Rates. Total 1 Package Set(s) were requested for Rates. Rates returned only for 2 Package Set(s). One Package Set contains maximum of 50 Packages.


2021-06-09T03:22:14+00:00 DEBUG UPS Worldwide Express Plus™ is removed from Shipping Rates. Total 1 Package Set(s) were requested for Rates. Rates returned only for 2 Package Set(s). One Package Set contains maximum of 50 Packages.


2021-06-09T03:22:14+00:00 DEBUG UPS Worldwide Express™ is removed from Shipping Rates. Total 1 Package Set(s) were requested for Rates. Rates returned only for 2 Package Set(s). One Package Set contains maximum of 50 Packages.


2021-06-09T03:22:14+00:00 DEBUG UPS Worldwide Expedited is removed from Shipping Rates. Total 1 Package Set(s) were requested for Rates. Rates returned only for 2 Package Set(s). One Package Set contains maximum of 50 Packages.


2021-06-09T03:22:14+00:00 DEBUG UPS Worldwide Express Freight is removed from Shipping Rates. Total 1 Package Set(s) were requested for Rates. Rates returned only for 2 Package Set(s). One Package Set contains maximum of 50 Packages.


2021-06-09T04:35:50+00:00 DEBUG UPS SurePost Rate Request Aborted. SurePost allows only single-piece shipments. Request contains 2 Packages.


2021-06-09T04:35:51+00:00 DEBUG UPS SurePost Rate Request Aborted. SurePost allows only single-piece shipments. Request contains 3 Packages.


2021-06-09T04:35:51+00:00 DEBUG UPS Saver is removed from Shipping Rates. Total 1 Package Set(s) were requested for Rates. Rates returned only for 2 Package Set(s). One Package Set contains maximum of 50 Packages.


2021-06-09T04:35:51+00:00 DEBUG UPS Worldwide Express Plus™ is removed from Shipping Rates. Total 1 Package Set(s) were requested for Rates. Rates returned only for 2 Package Set(s). One Package Set contains maximum of 50 Packages.


2021-06-09T04:35:51+00:00 DEBUG UPS Worldwide Express™ is removed from Shipping Rates. Total 1 Package Set(s) were requested for Rates. Rates returned only for 2 Package Set(s). One Package Set contains maximum of 50 Packages.


2021-06-09T04:35:51+00:00 DEBUG UPS Worldwide Expedited is removed from Shipping Rates. Total 1 Package Set(s) were requested for Rates. Rates returned only for 2 Package Set(s). One Package Set contains maximum of 50 Packages.


2021-06-09T04:35:51+00:00 DEBUG UPS Worldwide Express Freight is removed from Shipping Rates. Total 1 Package Set(s) were requested for Rates. Rates returned only for 2 Package Set(s). One Package Set contains maximum of 50 Packages.


2021-06-09T04:38:42+00:00 DEBUG Product # 250 is missing weight. Aborting Rate Calculation.


2021-06-09T04:38:54+00:00 DEBUG Product # 250 is missing weight. Aborting Rate Calculation.


2021-06-09T04:38:56+00:00 DEBUG Product # 250 is missing weight. Aborting Rate Calculation.


2021-06-09T04:38:56+00:00 DEBUG Product # 250 is missing weight. Aborting Rate Calculation.


2021-06-09T04:38:56+00:00 DEBUG Product # 250 is missing weight. Aborting Rate Calculation.


2021-06-09T04:42:54+00:00 DEBUG UPS SurePost Rate Request Aborted. SurePost allows only single-piece shipments. Request contains 2 Packages.


2021-06-09T04:42:55+00:00 DEBUG UPS SurePost Rate Request Aborted. SurePost allows only single-piece shipments. Request contains 3 Packages.


2021-06-09T04:42:55+00:00 DEBUG UPS Saver is removed from Shipping Rates. Total 1 Package Set(s) were requested for Rates. Rates returned only for 2 Package Set(s). One Package Set contains maximum of 50 Packages.


2021-06-09T04:42:55+00:00 DEBUG UPS Worldwide Express Plus™ is removed from Shipping Rates. Total 1 Package Set(s) were requested for Rates. Rates returned only for 2 Package Set(s). One Package Set contains maximum of 50 Packages.


2021-06-09T04:42:55+00:00 DEBUG UPS Worldwide Express™ is removed from Shipping Rates. Total 1 Package Set(s) were requested for Rates. Rates returned only for 2 Package Set(s). One Package Set contains maximum of 50 Packages.


2021-06-09T04:42:55+00:00 DEBUG UPS Worldwide Expedited is removed from Shipping Rates. Total 1 Package Set(s) were requested for Rates. Rates returned only for 2 Package Set(s). One Package Set contains maximum of 50 Packages.


2021-06-09T04:42:55+00:00 DEBUG UPS Worldwide Express Freight is removed from Shipping Rates. Total 1 Package Set(s) were requested for Rates. Rates returned only for 2 Package Set(s). One Package Set contains maximum of 50 Packages.


2021-06-09T05:47:42+00:00 DEBUG Product # 250 is missing weight. Aborting Rate Calculation.


2021-06-09T06:16:04+00:00 DEBUG UPS SurePost Rate Request Aborted. SurePost allows only single-piece shipments. Request contains 2 Packages.


2021-06-09T06:16:06+00:00 DEBUG UPS SurePost Rate Request Aborted. SurePost allows only single-piece shipments. Request contains 3 Packages.


2021-06-09T06:16:06+00:00 DEBUG UPS Saver is removed from Shipping Rates. Total 1 Package Set(s) were requested for Rates. Rates returned only for 2 Package Set(s). One Package Set contains maximum of 50 Packages.


2021-06-09T06:16:06+00:00 DEBUG UPS Worldwide Express Plus™ is removed from Shipping Rates. Total 1 Package Set(s) were requested for Rates. Rates returned only for 2 Package Set(s). One Package Set contains maximum of 50 Packages.


2021-06-09T06:16:06+00:00 DEBUG UPS Worldwide Express™ is removed from Shipping Rates. Total 1 Package Set(s) were requested for Rates. Rates returned only for 2 Package Set(s). One Package Set contains maximum of 50 Packages.


2021-06-09T06:16:06+00:00 DEBUG UPS Worldwide Expedited is removed from Shipping Rates. Total 1 Package Set(s) were requested for Rates. Rates returned only for 2 Package Set(s). One Package Set contains maximum of 50 Packages.


2021-06-09T06:16:06+00:00 DEBUG UPS Worldwide Express Freight is removed from Shipping Rates. Total 1 Package Set(s) were requested for Rates. Rates returned only for 2 Package Set(s). One Package Set contains maximum of 50 Packages.


2021-06-09T07:06:17+00:00 DEBUG Product # 250 is missing weight. Aborting Rate Calculation.


2021-06-09T07:06:22+00:00 DEBUG Product # 250 is missing weight. Aborting Rate Calculation.


2021-06-09T08:30:44+00:00 DEBUG UPS SurePost Rate Request Aborted. SurePost allows only single-piece shipments. Request contains 2 Packages.


2021-06-09T08:30:45+00:00 DEBUG UPS SurePost Rate Request Aborted. SurePost allows only single-piece shipments. Request contains 3 Packages.


2021-06-09T08:30:45+00:00 DEBUG UPS Saver is removed from Shipping Rates. Total 1 Package Set(s) were requested for Rates. Rates returned only for 2 Package Set(s). One Package Set contains maximum of 50 Packages.


2021-06-09T08:30:45+00:00 DEBUG UPS Worldwide Express Plus™ is removed from Shipping Rates. Total 1 Package Set(s) were requested for Rates. Rates returned only for 2 Package Set(s). One Package Set contains maximum of 50 Packages.


2021-06-09T08:30:45+00:00 DEBUG UPS Worldwide Express™ is removed from Shipping Rates. Total 1 Package Set(s) were requested for Rates. Rates returned only for 2 Package Set(s). One Package Set contains maximum of 50 Packages.


2021-06-09T08:30:45+00:00 DEBUG UPS Worldwide Expedited is removed from Shipping Rates. Total 1 Package Set(s) were requested for Rates. Rates returned only for 2 Package Set(s). One Package Set contains maximum of 50 Packages.


2021-06-09T08:30:45+00:00 DEBUG UPS Worldwide Express Freight is removed from Shipping Rates. Total 1 Package Set(s) were requested for Rates. Rates returned only for 2 Package Set(s). One Package Set contains maximum of 50 Packages.


2021-06-09T11:26:04+00:00 DEBUG Product # 250 is missing weight. Aborting Rate Calculation.


2021-06-09T11:26:04+00:00 DEBUG Product # 250 is missing weight. Aborting Rate Calculation.


