2021-06-07T03:42:46+00:00 DEBUG Product # 250 is missing weight. Aborting Rate Calculation.


2021-06-07T04:05:32+00:00 DEBUG Product # 250 is missing weight. Aborting Rate Calculation.


2021-06-07T04:50:42+00:00 DEBUG Product # 250 is missing weight. Aborting Rate Calculation.


2021-06-07T04:50:45+00:00 DEBUG Product # 250 is missing weight. Aborting Rate Calculation.


2021-06-07T04:50:45+00:00 DEBUG Product # 250 is missing weight. Aborting Rate Calculation.


2021-06-07T04:50:45+00:00 DEBUG Product # 250 is missing weight. Aborting Rate Calculation.


2021-06-07T04:57:09+00:00 DEBUG Product # 250 is missing weight. Aborting Rate Calculation.


2021-06-07T05:21:01+00:00 DEBUG Product # 250 is missing weight. Aborting Rate Calculation.


2021-06-07T05:21:01+00:00 DEBUG Product # 250 is missing weight. Aborting Rate Calculation.


2021-06-07T05:21:01+00:00 DEBUG Product # 250 is missing weight. Aborting Rate Calculation.


2021-06-07T05:21:02+00:00 DEBUG Product # 250 is missing weight. Aborting Rate Calculation.


2021-06-07T05:26:33+00:00 DEBUG Product # 250 is missing weight. Aborting Rate Calculation.


2021-06-07T08:34:34+00:00 DEBUG Product # 250 is missing weight. Aborting Rate Calculation.


2021-06-07T08:46:50+00:00 DEBUG Product # 250 is missing weight. Aborting Rate Calculation.


2021-06-07T09:58:24+00:00 DEBUG UPS SurePost Rate Request Aborted. SurePost allows only single-piece shipments. Request contains 2 Packages.


2021-06-07T09:58:24+00:00 DEBUG UPS Saver is removed from Shipping Rates. Total 1 Package Set(s) were requested for Rates. Rates returned only for 2 Package Set(s). One Package Set contains maximum of 50 Packages.


2021-06-07T09:58:24+00:00 DEBUG UPS Worldwide Express Plus™ is removed from Shipping Rates. Total 1 Package Set(s) were requested for Rates. Rates returned only for 2 Package Set(s). One Package Set contains maximum of 50 Packages.


2021-06-07T09:58:24+00:00 DEBUG UPS Worldwide Express™ is removed from Shipping Rates. Total 1 Package Set(s) were requested for Rates. Rates returned only for 2 Package Set(s). One Package Set contains maximum of 50 Packages.


2021-06-07T09:58:24+00:00 DEBUG UPS Worldwide Expedited is removed from Shipping Rates. Total 1 Package Set(s) were requested for Rates. Rates returned only for 2 Package Set(s). One Package Set contains maximum of 50 Packages.


2021-06-07T09:58:24+00:00 DEBUG UPS Worldwide Express Freight is removed from Shipping Rates. Total 1 Package Set(s) were requested for Rates. Rates returned only for 2 Package Set(s). One Package Set contains maximum of 50 Packages.


