2021-06-03T03:15:44+00:00 DEBUG Product # 250 is missing weight. Aborting Rate Calculation.


2021-06-03T03:30:22+00:00 DEBUG Product # 250 is missing weight. Aborting Rate Calculation.


2021-06-03T03:30:26+00:00 DEBUG Product # 250 is missing weight. Aborting Rate Calculation.


2021-06-03T03:30:32+00:00 DEBUG UPS Saver is removed from Shipping Rates. Total 1 Package Set(s) were requested for Rates. Rates returned only for 2 Package Set(s). One Package Set contains maximum of 50 Packages.


2021-06-03T03:30:32+00:00 DEBUG UPS Worldwide Express Plus™ is removed from Shipping Rates. Total 1 Package Set(s) were requested for Rates. Rates returned only for 2 Package Set(s). One Package Set contains maximum of 50 Packages.


2021-06-03T03:30:32+00:00 DEBUG UPS Worldwide Express™ is removed from Shipping Rates. Total 1 Package Set(s) were requested for Rates. Rates returned only for 2 Package Set(s). One Package Set contains maximum of 50 Packages.


2021-06-03T03:30:32+00:00 DEBUG UPS Worldwide Expedited is removed from Shipping Rates. Total 1 Package Set(s) were requested for Rates. Rates returned only for 2 Package Set(s). One Package Set contains maximum of 50 Packages.


2021-06-03T03:30:32+00:00 DEBUG UPS Worldwide Express Freight is removed from Shipping Rates. Total 1 Package Set(s) were requested for Rates. Rates returned only for 2 Package Set(s). One Package Set contains maximum of 50 Packages.


2021-06-03T03:30:33+00:00 DEBUG UPS Saver is removed from Shipping Rates. Total 1 Package Set(s) were requested for Rates. Rates returned only for 2 Package Set(s). One Package Set contains maximum of 50 Packages.


2021-06-03T03:30:33+00:00 DEBUG UPS Worldwide Express Plus™ is removed from Shipping Rates. Total 1 Package Set(s) were requested for Rates. Rates returned only for 2 Package Set(s). One Package Set contains maximum of 50 Packages.


2021-06-03T03:30:33+00:00 DEBUG UPS Worldwide Express™ is removed from Shipping Rates. Total 1 Package Set(s) were requested for Rates. Rates returned only for 2 Package Set(s). One Package Set contains maximum of 50 Packages.


2021-06-03T03:30:33+00:00 DEBUG UPS Worldwide Expedited is removed from Shipping Rates. Total 1 Package Set(s) were requested for Rates. Rates returned only for 2 Package Set(s). One Package Set contains maximum of 50 Packages.


2021-06-03T03:30:33+00:00 DEBUG UPS Worldwide Express Freight is removed from Shipping Rates. Total 1 Package Set(s) were requested for Rates. Rates returned only for 2 Package Set(s). One Package Set contains maximum of 50 Packages.


2021-06-03T03:30:46+00:00 DEBUG Product # 250 is missing weight. Aborting Rate Calculation.


2021-06-03T03:30:47+00:00 DEBUG UPS Saver is removed from Shipping Rates. Total 1 Package Set(s) were requested for Rates. Rates returned only for 2 Package Set(s). One Package Set contains maximum of 50 Packages.


2021-06-03T03:30:47+00:00 DEBUG UPS Worldwide Express Plus™ is removed from Shipping Rates. Total 1 Package Set(s) were requested for Rates. Rates returned only for 2 Package Set(s). One Package Set contains maximum of 50 Packages.


2021-06-03T03:30:47+00:00 DEBUG UPS Worldwide Express™ is removed from Shipping Rates. Total 1 Package Set(s) were requested for Rates. Rates returned only for 2 Package Set(s). One Package Set contains maximum of 50 Packages.


2021-06-03T03:30:47+00:00 DEBUG UPS Worldwide Expedited is removed from Shipping Rates. Total 1 Package Set(s) were requested for Rates. Rates returned only for 2 Package Set(s). One Package Set contains maximum of 50 Packages.


2021-06-03T03:30:47+00:00 DEBUG UPS Worldwide Express Freight is removed from Shipping Rates. Total 1 Package Set(s) were requested for Rates. Rates returned only for 2 Package Set(s). One Package Set contains maximum of 50 Packages.


2021-06-03T03:30:54+00:00 DEBUG Product # 250 is missing weight. Aborting Rate Calculation.


2021-06-03T03:30:56+00:00 DEBUG UPS Saver is removed from Shipping Rates. Total 1 Package Set(s) were requested for Rates. Rates returned only for 2 Package Set(s). One Package Set contains maximum of 50 Packages.


2021-06-03T03:30:56+00:00 DEBUG UPS Worldwide Express Plus™ is removed from Shipping Rates. Total 1 Package Set(s) were requested for Rates. Rates returned only for 2 Package Set(s). One Package Set contains maximum of 50 Packages.


2021-06-03T03:30:56+00:00 DEBUG UPS Worldwide Express™ is removed from Shipping Rates. Total 1 Package Set(s) were requested for Rates. Rates returned only for 2 Package Set(s). One Package Set contains maximum of 50 Packages.


2021-06-03T03:30:56+00:00 DEBUG UPS Worldwide Expedited is removed from Shipping Rates. Total 1 Package Set(s) were requested for Rates. Rates returned only for 2 Package Set(s). One Package Set contains maximum of 50 Packages.


2021-06-03T03:30:56+00:00 DEBUG UPS Worldwide Express Freight is removed from Shipping Rates. Total 1 Package Set(s) were requested for Rates. Rates returned only for 2 Package Set(s). One Package Set contains maximum of 50 Packages.


2021-06-03T03:30:59+00:00 DEBUG Product # 250 is missing weight. Aborting Rate Calculation.


2021-06-03T03:31:00+00:00 DEBUG UPS Saver is removed from Shipping Rates. Total 1 Package Set(s) were requested for Rates. Rates returned only for 2 Package Set(s). One Package Set contains maximum of 50 Packages.


2021-06-03T03:31:00+00:00 DEBUG UPS Worldwide Express Plus™ is removed from Shipping Rates. Total 1 Package Set(s) were requested for Rates. Rates returned only for 2 Package Set(s). One Package Set contains maximum of 50 Packages.


2021-06-03T03:31:00+00:00 DEBUG UPS Worldwide Express™ is removed from Shipping Rates. Total 1 Package Set(s) were requested for Rates. Rates returned only for 2 Package Set(s). One Package Set contains maximum of 50 Packages.


2021-06-03T03:31:00+00:00 DEBUG UPS Worldwide Expedited is removed from Shipping Rates. Total 1 Package Set(s) were requested for Rates. Rates returned only for 2 Package Set(s). One Package Set contains maximum of 50 Packages.


2021-06-03T03:31:00+00:00 DEBUG UPS Worldwide Express Freight is removed from Shipping Rates. Total 1 Package Set(s) were requested for Rates. Rates returned only for 2 Package Set(s). One Package Set contains maximum of 50 Packages.


2021-06-03T03:31:12+00:00 DEBUG Product # 250 is missing weight. Aborting Rate Calculation.


2021-06-03T03:31:21+00:00 DEBUG UPS Saver is removed from Shipping Rates. Total 1 Package Set(s) were requested for Rates. Rates returned only for 2 Package Set(s). One Package Set contains maximum of 50 Packages.


2021-06-03T03:31:21+00:00 DEBUG UPS Worldwide Express Plus™ is removed from Shipping Rates. Total 1 Package Set(s) were requested for Rates. Rates returned only for 2 Package Set(s). One Package Set contains maximum of 50 Packages.


2021-06-03T03:31:21+00:00 DEBUG UPS Worldwide Express™ is removed from Shipping Rates. Total 1 Package Set(s) were requested for Rates. Rates returned only for 2 Package Set(s). One Package Set contains maximum of 50 Packages.


2021-06-03T03:31:21+00:00 DEBUG UPS Worldwide Expedited is removed from Shipping Rates. Total 1 Package Set(s) were requested for Rates. Rates returned only for 2 Package Set(s). One Package Set contains maximum of 50 Packages.


2021-06-03T03:31:21+00:00 DEBUG UPS Worldwide Express Freight is removed from Shipping Rates. Total 1 Package Set(s) were requested for Rates. Rates returned only for 2 Package Set(s). One Package Set contains maximum of 50 Packages.


2021-06-03T03:31:24+00:00 DEBUG Product # 250 is missing weight. Aborting Rate Calculation.


2021-06-03T03:31:25+00:00 DEBUG UPS Saver is removed from Shipping Rates. Total 1 Package Set(s) were requested for Rates. Rates returned only for 2 Package Set(s). One Package Set contains maximum of 50 Packages.


2021-06-03T03:31:25+00:00 DEBUG UPS Worldwide Express Plus™ is removed from Shipping Rates. Total 1 Package Set(s) were requested for Rates. Rates returned only for 2 Package Set(s). One Package Set contains maximum of 50 Packages.


2021-06-03T03:31:25+00:00 DEBUG UPS Worldwide Express™ is removed from Shipping Rates. Total 1 Package Set(s) were requested for Rates. Rates returned only for 2 Package Set(s). One Package Set contains maximum of 50 Packages.


2021-06-03T03:31:25+00:00 DEBUG UPS Worldwide Expedited is removed from Shipping Rates. Total 1 Package Set(s) were requested for Rates. Rates returned only for 2 Package Set(s). One Package Set contains maximum of 50 Packages.


2021-06-03T03:31:25+00:00 DEBUG UPS Worldwide Express Freight is removed from Shipping Rates. Total 1 Package Set(s) were requested for Rates. Rates returned only for 2 Package Set(s). One Package Set contains maximum of 50 Packages.


2021-06-03T03:31:31+00:00 DEBUG Product # 443 is missing weight. Aborting Rate Calculation.


2021-06-03T03:31:34+00:00 DEBUG UPS Saver is removed from Shipping Rates. Total 1 Package Set(s) were requested for Rates. Rates returned only for 2 Package Set(s). One Package Set contains maximum of 50 Packages.


2021-06-03T03:31:34+00:00 DEBUG UPS Worldwide Express Plus™ is removed from Shipping Rates. Total 1 Package Set(s) were requested for Rates. Rates returned only for 2 Package Set(s). One Package Set contains maximum of 50 Packages.


2021-06-03T03:31:34+00:00 DEBUG UPS Worldwide Express™ is removed from Shipping Rates. Total 1 Package Set(s) were requested for Rates. Rates returned only for 2 Package Set(s). One Package Set contains maximum of 50 Packages.


2021-06-03T03:31:34+00:00 DEBUG UPS Worldwide Expedited is removed from Shipping Rates. Total 1 Package Set(s) were requested for Rates. Rates returned only for 2 Package Set(s). One Package Set contains maximum of 50 Packages.


2021-06-03T03:31:34+00:00 DEBUG UPS Worldwide Express Freight is removed from Shipping Rates. Total 1 Package Set(s) were requested for Rates. Rates returned only for 2 Package Set(s). One Package Set contains maximum of 50 Packages.


2021-06-03T03:31:36+00:00 DEBUG Product # 443 is missing weight. Aborting Rate Calculation.


2021-06-03T03:31:37+00:00 DEBUG UPS Saver is removed from Shipping Rates. Total 1 Package Set(s) were requested for Rates. Rates returned only for 2 Package Set(s). One Package Set contains maximum of 50 Packages.


2021-06-03T03:31:37+00:00 DEBUG UPS Worldwide Express Plus™ is removed from Shipping Rates. Total 1 Package Set(s) were requested for Rates. Rates returned only for 2 Package Set(s). One Package Set contains maximum of 50 Packages.


2021-06-03T03:31:37+00:00 DEBUG UPS Worldwide Express™ is removed from Shipping Rates. Total 1 Package Set(s) were requested for Rates. Rates returned only for 2 Package Set(s). One Package Set contains maximum of 50 Packages.


2021-06-03T03:31:37+00:00 DEBUG UPS Worldwide Expedited is removed from Shipping Rates. Total 1 Package Set(s) were requested for Rates. Rates returned only for 2 Package Set(s). One Package Set contains maximum of 50 Packages.


2021-06-03T03:31:37+00:00 DEBUG UPS Worldwide Express Freight is removed from Shipping Rates. Total 1 Package Set(s) were requested for Rates. Rates returned only for 2 Package Set(s). One Package Set contains maximum of 50 Packages.


2021-06-03T03:32:00+00:00 DEBUG UPS SurePost Rate Request Aborted. SurePost allows only single-piece shipments. Request contains 2 Packages.


2021-06-03T03:32:00+00:00 DEBUG UPS Saver is removed from Shipping Rates. Total 1 Package Set(s) were requested for Rates. Rates returned only for 2 Package Set(s). One Package Set contains maximum of 50 Packages.


2021-06-03T03:32:00+00:00 DEBUG UPS Worldwide Express Plus™ is removed from Shipping Rates. Total 1 Package Set(s) were requested for Rates. Rates returned only for 2 Package Set(s). One Package Set contains maximum of 50 Packages.


2021-06-03T03:32:00+00:00 DEBUG UPS Worldwide Express™ is removed from Shipping Rates. Total 1 Package Set(s) were requested for Rates. Rates returned only for 2 Package Set(s). One Package Set contains maximum of 50 Packages.


2021-06-03T03:32:00+00:00 DEBUG UPS Worldwide Expedited is removed from Shipping Rates. Total 1 Package Set(s) were requested for Rates. Rates returned only for 2 Package Set(s). One Package Set contains maximum of 50 Packages.


2021-06-03T03:32:00+00:00 DEBUG UPS Worldwide Express Freight is removed from Shipping Rates. Total 1 Package Set(s) were requested for Rates. Rates returned only for 2 Package Set(s). One Package Set contains maximum of 50 Packages.


2021-06-03T03:32:04+00:00 DEBUG UPS SurePost Rate Request Aborted. SurePost allows only single-piece shipments. Request contains 2 Packages.


2021-06-03T03:32:04+00:00 DEBUG UPS Saver is removed from Shipping Rates. Total 1 Package Set(s) were requested for Rates. Rates returned only for 2 Package Set(s). One Package Set contains maximum of 50 Packages.


2021-06-03T03:32:04+00:00 DEBUG UPS Worldwide Express Plus™ is removed from Shipping Rates. Total 1 Package Set(s) were requested for Rates. Rates returned only for 2 Package Set(s). One Package Set contains maximum of 50 Packages.


2021-06-03T03:32:04+00:00 DEBUG UPS Worldwide Express™ is removed from Shipping Rates. Total 1 Package Set(s) were requested for Rates. Rates returned only for 2 Package Set(s). One Package Set contains maximum of 50 Packages.


2021-06-03T03:32:04+00:00 DEBUG UPS Worldwide Expedited is removed from Shipping Rates. Total 1 Package Set(s) were requested for Rates. Rates returned only for 2 Package Set(s). One Package Set contains maximum of 50 Packages.


2021-06-03T03:32:04+00:00 DEBUG UPS Worldwide Express Freight is removed from Shipping Rates. Total 1 Package Set(s) were requested for Rates. Rates returned only for 2 Package Set(s). One Package Set contains maximum of 50 Packages.


