2021-06-22T07:45:01+00:00 DEBUG NO Affiliate Commission for this Order => 996 Vendor => 53 Affiliate => 51 Rule => {"vendor":{"mode":"fixed","percent":"","fixed":"0"},"vendor_order":{"mode":"percent","percent":"5","fixed":"","cal_mode":"on_item"},"order":{"mode":"","percent":"","fixed":"","cal_mode":"on_item"}}
2021-06-22T07:52:50+00:00 DEBUG NO Affiliate Commission for this Order => 997 Vendor => 53 Affiliate => 51 Rule => {"vendor":{"mode":"fixed","percent":"","fixed":"0"},"vendor_order":{"mode":"percent","percent":"5","fixed":"","cal_mode":"on_item"},"order":{"mode":"","percent":"","fixed":"","cal_mode":"on_item"}}
2021-06-22T08:18:33+00:00 DEBUG WCFMAF Order Commission Generate:: Order => 1011 Vendor => 53 Affiliate => 51 Rule => {"vendor":{"mode":"fixed","percent":"","fixed":"0"},"vendor_order":{"mode":"percent","percent":"10","fixed":"","cal_mode":"on_commission"},"order":{"mode":"percent","percent":"10","fixed":"","cal_mode":"on_commission"}}
2021-06-22T08:19:35+00:00 DEBUG WCFMAF Order Commission Generate:: Order => 1012 Vendor => 53 Affiliate => 51 Rule => {"vendor":{"mode":"fixed","percent":"","fixed":"0"},"vendor_order":{"mode":"percent","percent":"10","fixed":"","cal_mode":"on_commission"},"order":{"mode":"percent","percent":"10","fixed":"","cal_mode":"on_commission"}}
2021-06-22T08:19:58+00:00 DEBUG WCFMAF Order Commission Generate:: Order => 1013 Vendor => 53 Affiliate => 51 Rule => {"vendor":{"mode":"fixed","percent":"","fixed":"0"},"vendor_order":{"mode":"percent","percent":"10","fixed":"","cal_mode":"on_commission"},"order":{"mode":"percent","percent":"10","fixed":"","cal_mode":"on_commission"}}
2021-06-22T08:20:13+00:00 DEBUG WCFMAF Order Commission Generate:: Order => 1014 Vendor => 53 Affiliate => 51 Rule => {"vendor":{"mode":"fixed","percent":"","fixed":"0"},"vendor_order":{"mode":"percent","percent":"10","fixed":"","cal_mode":"on_commission"},"order":{"mode":"percent","percent":"10","fixed":"","cal_mode":"on_commission"}}
2021-06-22T10:12:14+00:00 DEBUG WCFMAF Save in User Meta:: Vendor => 11 Affiliate => 51
2021-06-22T10:12:14+00:00 DEBUG WCFMAF Save in User Meta:: Vendor => 11 Affiliate => 51
2021-06-22T10:12:14+00:00 DEBUG WCFMAF Save in User Meta:: Vendor => 57 Affiliate => 51
2021-06-22T10:12:14+00:00 DEBUG WCFMAF Save in User Meta:: Vendor => 57 Affiliate => 51
2021-06-22T10:12:14+00:00 DEBUG WCFMAF Save in User Meta:: Vendor => 3 Affiliate => 51
2021-06-22T10:12:14+00:00 DEBUG WCFMAF Save in User Meta:: Vendor => 11 Affiliate => 51
2021-06-22T10:12:14+00:00 DEBUG WCFMAF Save in User Meta:: Vendor => 3 Affiliate => 51
2021-06-22T10:12:14+00:00 DEBUG WCFMAF Save in User Meta:: Vendor => 57 Affiliate => 51
2021-06-22T10:12:14+00:00 DEBUG WCFMAF Save in User Meta:: Vendor => 3 Affiliate => 51
2021-06-22T10:12:27+00:00 DEBUG WCFMAF Save in User Meta:: Vendor => 58 Affiliate => 51
2021-06-22T10:12:27+00:00 DEBUG WCFMAF Save in User Meta:: Vendor => 3 Affiliate => 51
2021-06-22T10:12:27+00:00 DEBUG WCFMAF Save in User Meta:: Vendor => 11 Affiliate => 51
2021-06-22T10:12:27+00:00 DEBUG WCFMAF Save in User Meta:: Vendor => 57 Affiliate => 51
2021-06-22T10:12:27+00:00 DEBUG WCFMAF Save in User Meta:: Vendor => 58 Affiliate => 51
2021-06-22T10:14:25+00:00 DEBUG WCFMAF Vendor Order Commission Generate:: Order => 1022 Vendor => 58 Affiliate =>  Rule => {"vendor":{"mode":"fixed","percent":"","fixed":"0"},"vendor_order":{"mode":"percent","percent":"10","fixed":"","cal_mode":"on_commission"},"order":{"mode":"percent","percent":"10","fixed":"","cal_mode":"on_commission"}}
2021-06-22T10:14:53+00:00 DEBUG WCFMAF Vendor Order Commission Generate:: Order => 1023 Vendor => 58 Affiliate =>  Rule => {"vendor":{"mode":"fixed","percent":"","fixed":"0"},"vendor_order":{"mode":"percent","percent":"10","fixed":"","cal_mode":"on_commission"},"order":{"mode":"percent","percent":"10","fixed":"","cal_mode":"on_commission"}}
2021-06-22T10:21:39+00:00 DEBUG WCFMAF Vendor Order Commission Generate:: Order => 1024 Vendor => 58 Affiliate =>  Rule => {"vendor":{"mode":"fixed","percent":"","fixed":"0"},"vendor_order":{"mode":"percent","percent":"10","fixed":"","cal_mode":"on_commission"},"order":{"mode":"percent","percent":"10","fixed":"","cal_mode":"on_commission"}}
2021-06-22T10:22:25+00:00 DEBUG WCFMAF Vendor Order Commission Generate:: Order => 1025 Vendor => 58 Affiliate =>  Rule => {"vendor":{"mode":"fixed","percent":"","fixed":"0"},"vendor_order":{"mode":"percent","percent":"10","fixed":"","cal_mode":"on_commission"},"order":{"mode":"percent","percent":"10","fixed":"","cal_mode":"on_commission"}}
2021-06-22T10:22:43+00:00 DEBUG WCFMAF Vendor Order Commission Generate:: Order => 1026 Vendor => 58 Affiliate =>  Rule => {"vendor":{"mode":"fixed","percent":"","fixed":"0"},"vendor_order":{"mode":"percent","percent":"10","fixed":"","cal_mode":"on_commission"},"order":{"mode":"percent","percent":"10","fixed":"","cal_mode":"on_commission"}}
2021-06-22T10:56:33+00:00 DEBUG WCFMAF Vendor Order Commission Generate:: Order => 1027 Vendor => 58 Affiliate =>  Rule => {"vendor":{"mode":"fixed","percent":"","fixed":"0"},"vendor_order":{"mode":"percent","percent":"10","fixed":"","cal_mode":"on_commission"},"order":{"mode":"percent","percent":"10","fixed":"","cal_mode":"on_commission"}}
2021-06-22T10:58:16+00:00 DEBUG WCFMAF Vendor Order Commission Generate:: Order => 1028 Vendor => 58 Affiliate => 51 Rule => {"vendor":{"mode":"fixed","percent":"","fixed":"0"},"vendor_order":{"mode":"percent","percent":"10","fixed":"","cal_mode":"on_commission"},"order":{"mode":"percent","percent":"10","fixed":"","cal_mode":"on_commission"}}
2021-06-22T11:20:15+00:00 DEBUG WCFMAF Vendor Order Commission Generate:: Order => 1029 Vendor => 58 Affiliate =>  Rule => {"vendor":{"mode":"fixed","percent":"","fixed":"0"},"vendor_order":{"mode":"percent","percent":"10","fixed":"","cal_mode":"on_commission"},"order":{"mode":"percent","percent":"10","fixed":"","cal_mode":"on_commission"}}
2021-06-22T11:20:30+00:00 DEBUG WCFMAF Vendor Order Commission Generate:: Order => 1030 Vendor => 58 Affiliate =>  Rule => {"vendor":{"mode":"fixed","percent":"","fixed":"0"},"vendor_order":{"mode":"percent","percent":"10","fixed":"","cal_mode":"on_commission"},"order":{"mode":"percent","percent":"10","fixed":"","cal_mode":"on_commission"}}
2021-06-22T11:42:47+00:00 DEBUG WCFMAF Vendor Order Commission Generate:: Order => 1031 Vendor => 58 Affiliate =>  Rule => {"vendor":{"mode":"fixed","percent":"","fixed":"0"},"vendor_order":{"mode":"percent","percent":"10","fixed":"","cal_mode":"on_commission"},"order":{"mode":"percent","percent":"10","fixed":"","cal_mode":"on_commission"}}
2021-06-22T11:43:43+00:00 DEBUG WCFMAF Vendor Order Commission Generate:: Order => 1032 Vendor => 58 Affiliate =>  Rule => {"vendor":{"mode":"fixed","percent":"","fixed":"0"},"vendor_order":{"mode":"percent","percent":"10","fixed":"","cal_mode":"on_commission"},"order":{"mode":"percent","percent":"10","fixed":"","cal_mode":"on_commission"}}
2021-06-22T11:53:44+00:00 DEBUG WCFMAF Vendor Order Commission Generate:: Order => 1033 Vendor => 58 Affiliate =>  Rule => {"vendor":{"mode":"fixed","percent":"","fixed":"0"},"vendor_order":{"mode":"percent","percent":"10","fixed":"","cal_mode":"on_commission"},"order":{"mode":"percent","percent":"10","fixed":"","cal_mode":"on_commission"}}
2021-06-22T12:02:04+00:00 DEBUG WCFMAF Vendor Order Commission Generate:: Order => 1037 Vendor => 58 Affiliate =>  Rule => {"vendor":{"mode":"fixed","percent":"","fixed":"0"},"vendor_order":{"mode":"percent","percent":"10","fixed":"","cal_mode":"on_commission"},"order":{"mode":"percent","percent":"10","fixed":"","cal_mode":"on_commission"}}
2021-06-22T12:11:42+00:00 DEBUG WCFMAF Vendor Order Commission Generate:: Order => 1042 Vendor => 58 Affiliate =>  Rule => {"vendor":{"mode":"fixed","percent":"","fixed":"0"},"vendor_order":{"mode":"percent","percent":"10","fixed":"","cal_mode":"on_commission"},"order":{"mode":"percent","percent":"10","fixed":"","cal_mode":"on_commission"}}
2021-06-22T12:13:08+00:00 DEBUG WCFMAF Vendor Order Commission Generate:: Order => 1044 Vendor => 58 Affiliate =>  Rule => {"vendor":{"mode":"fixed","percent":"","fixed":"0"},"vendor_order":{"mode":"percent","percent":"10","fixed":"","cal_mode":"on_commission"},"order":{"mode":"percent","percent":"10","fixed":"","cal_mode":"on_commission"}}
2021-06-22T12:16:42+00:00 DEBUG WCFMAF Vendor Order Commission Generate:: Order => 1049 Vendor => 58 Affiliate =>  Rule => {"vendor":{"mode":"fixed","percent":"","fixed":"0"},"vendor_order":{"mode":"percent","percent":"10","fixed":"","cal_mode":"on_commission"},"order":{"mode":"percent","percent":"10","fixed":"","cal_mode":"on_commission"}}
2021-06-22T12:18:01+00:00 DEBUG WCFMAF Vendor Order Commission Generate:: Order => 1051 Vendor => 58 Affiliate => 51 Rule => {"vendor":{"mode":"fixed","percent":"","fixed":"0"},"vendor_order":{"mode":"percent","percent":"10","fixed":"","cal_mode":"on_commission"},"order":{"mode":"percent","percent":"10","fixed":"","cal_mode":"on_commission"}}
2021-06-22T12:18:20+00:00 DEBUG WCFMAF Vendor Order Commission Generate:: Order => 1052 Vendor => 58 Affiliate => 51 Rule => {"vendor":{"mode":"fixed","percent":"","fixed":"0"},"vendor_order":{"mode":"percent","percent":"10","fixed":"","cal_mode":"on_commission"},"order":{"mode":"percent","percent":"10","fixed":"","cal_mode":"on_commission"}}
2021-06-22T12:18:33+00:00 DEBUG WCFMAF Vendor Order Commission Generate:: Order => 1053 Vendor => 58 Affiliate => 51 Rule => {"vendor":{"mode":"fixed","percent":"","fixed":"0"},"vendor_order":{"mode":"percent","percent":"10","fixed":"","cal_mode":"on_commission"},"order":{"mode":"percent","percent":"10","fixed":"","cal_mode":"on_commission"}}
2021-06-22T12:18:58+00:00 DEBUG WCFMAF Vendor Order Commission Generate:: Order => 1054 Vendor => 58 Affiliate => 51 Rule => {"vendor":{"mode":"fixed","percent":"","fixed":"0"},"vendor_order":{"mode":"percent","percent":"10","fixed":"","cal_mode":"on_commission"},"order":{"mode":"percent","percent":"10","fixed":"","cal_mode":"on_commission"}}
2021-06-22T12:19:06+00:00 DEBUG WCFMAF Vendor Order Commission Generate:: Order => 1055 Vendor => 58 Affiliate => 51 Rule => {"vendor":{"mode":"fixed","percent":"","fixed":"0"},"vendor_order":{"mode":"percent","percent":"10","fixed":"","cal_mode":"on_commission"},"order":{"mode":"percent","percent":"10","fixed":"","cal_mode":"on_commission"}}
2021-06-22T12:19:23+00:00 DEBUG WCFMAF Vendor Order Commission Generate:: Order => 1056 Vendor => 58 Affiliate => 51 Rule => {"vendor":{"mode":"fixed","percent":"","fixed":"0"},"vendor_order":{"mode":"percent","percent":"10","fixed":"","cal_mode":"on_commission"},"order":{"mode":"percent","percent":"10","fixed":"","cal_mode":"on_commission"}}
2021-06-22T12:19:37+00:00 DEBUG WCFMAF Vendor Order Commission Generate:: Order => 1057 Vendor => 58 Affiliate => 51 Rule => {"vendor":{"mode":"fixed","percent":"","fixed":"0"},"vendor_order":{"mode":"percent","percent":"10","fixed":"","cal_mode":"on_commission"},"order":{"mode":"percent","percent":"10","fixed":"","cal_mode":"on_commission"}}
2021-06-22T12:19:45+00:00 DEBUG WCFMAF Vendor Order Commission Generate:: Order => 1058 Vendor => 58 Affiliate => 51 Rule => {"vendor":{"mode":"fixed","percent":"","fixed":"0"},"vendor_order":{"mode":"percent","percent":"10","fixed":"","cal_mode":"on_commission"},"order":{"mode":"percent","percent":"10","fixed":"","cal_mode":"on_commission"}}
2021-06-22T12:19:53+00:00 DEBUG WCFMAF Vendor Order Commission Generate:: Order => 1059 Vendor => 58 Affiliate => 51 Rule => {"vendor":{"mode":"fixed","percent":"","fixed":"0"},"vendor_order":{"mode":"percent","percent":"10","fixed":"","cal_mode":"on_commission"},"order":{"mode":"percent","percent":"10","fixed":"","cal_mode":"on_commission"}}
2021-06-22T12:20:11+00:00 DEBUG WCFMAF Vendor Order Commission Generate:: Order => 1060 Vendor => 58 Affiliate => 51 Rule => {"vendor":{"mode":"fixed","percent":"","fixed":"0"},"vendor_order":{"mode":"percent","percent":"10","fixed":"","cal_mode":"on_commission"},"order":{"mode":"percent","percent":"10","fixed":"","cal_mode":"on_commission"}}
2021-06-22T12:20:20+00:00 DEBUG WCFMAF Vendor Order Commission Generate:: Order => 1061 Vendor => 58 Affiliate => 51 Rule => {"vendor":{"mode":"fixed","percent":"","fixed":"0"},"vendor_order":{"mode":"percent","percent":"10","fixed":"","cal_mode":"on_commission"},"order":{"mode":"percent","percent":"10","fixed":"","cal_mode":"on_commission"}}
2021-06-22T12:20:34+00:00 DEBUG WCFMAF Vendor Order Commission Generate:: Order => 1062 Vendor => 58 Affiliate => 51 Rule => {"vendor":{"mode":"fixed","percent":"","fixed":"0"},"vendor_order":{"mode":"percent","percent":"10","fixed":"","cal_mode":"on_commission"},"order":{"mode":"percent","percent":"10","fixed":"","cal_mode":"on_commission"}}
2021-06-22T12:20:41+00:00 DEBUG WCFMAF Vendor Order Commission Generate:: Order => 1063 Vendor => 58 Affiliate => 51 Rule => {"vendor":{"mode":"fixed","percent":"","fixed":"0"},"vendor_order":{"mode":"percent","percent":"10","fixed":"","cal_mode":"on_commission"},"order":{"mode":"percent","percent":"10","fixed":"","cal_mode":"on_commission"}}
2021-06-22T12:21:02+00:00 DEBUG WCFMAF Vendor Order Commission Generate:: Order => 1064 Vendor => 58 Affiliate => 51 Rule => {"vendor":{"mode":"fixed","percent":"","fixed":"0"},"vendor_order":{"mode":"percent","percent":"10","fixed":"","cal_mode":"on_commission"},"order":{"mode":"percent","percent":"10","fixed":"","cal_mode":"on_commission"}}
2021-06-22T12:21:18+00:00 DEBUG WCFMAF Vendor Order Commission Generate:: Order => 1065 Vendor => 58 Affiliate => 51 Rule => {"vendor":{"mode":"fixed","percent":"","fixed":"0"},"vendor_order":{"mode":"percent","percent":"10","fixed":"","cal_mode":"on_commission"},"order":{"mode":"percent","percent":"10","fixed":"","cal_mode":"on_commission"}}
2021-06-22T12:27:57+00:00 DEBUG WCFMAF Vendor Order Commission Generate:: Order => 1066 Vendor => 58 Affiliate => 51 Rule => {"vendor":{"mode":"fixed","percent":"","fixed":"0"},"vendor_order":{"mode":"percent","percent":"10","fixed":"","cal_mode":"on_commission"},"order":{"mode":"percent","percent":"10","fixed":"","cal_mode":"on_commission"}}
2021-06-22T12:28:24+00:00 DEBUG WCFMAF Vendor Order Commission Generate:: Order => 1067 Vendor => 58 Affiliate => 51 Rule => {"vendor":{"mode":"fixed","percent":"","fixed":"0"},"vendor_order":{"mode":"percent","percent":"10","fixed":"","cal_mode":"on_commission"},"order":{"mode":"percent","percent":"10","fixed":"","cal_mode":"on_commission"}}
